<?xml version="1.0" encoding="UTF-8"?>
<testsuites name="UserValidation" time="3" tests="1" failures="0" errors="0">
   <testsuite name="UserValidation" tests="1" failures="0" errors="0" time="3" timestamp="2018-11-19 14:27:19" hostname="ignacio - BIBITS-IGNACIO2.bibsent.no" id="Test Suites/UserTestSuite/UserValidation">
      <properties>
         <property name="deviceName" value=""/>
         <property name="devicePlatform" value=""/>
         <property name="logFolder" value="C:\\Users\\ignacio\\Katalon Studio\\Sample API test Project\\Reports\\UserTestSuite\\UserValidation\\20181119_142717"/>
         <property name="logFiles" value="C:\\Users\\ignacio\\Katalon Studio\\Sample API test Project\\Reports\\UserTestSuite\\UserValidation\\20181119_142717\\execution0.log"/>
         <property name="attachments" value=""/>
         <property name="hostName" value="ignacio - BIBITS-IGNACIO2.bibsent.no"/>
         <property name="hostAddress" value="10.81.254.97"/>
         <property name="os" value="Windows 10 64bit"/>
         <property name="katalonVersion" value="5.8.6.1"/>
      </properties>
      <testcase name="Test Cases/User/Validate user Details" classname="Test Cases/User/Validate user Details" status="PASSED">
         <system-out><![CDATA[2018-11-19 14:27:20 - [TEST_CASE][PASSED] - Test Cases/User/Validate user Details: Test Cases/User/Validate user Details

2018-11-19 14:27:20 - [TEST_STEP][PASSED] - Statement - response = com.kms.katalon.core.webservice.keyword.WSBuiltInKeywords.sendRequest(com.kms.katalon.core.testobject.ObjectRepository.findTestObject(User/Getuserdetails)): Send request successfully

2018-11-19 14:27:23 - [MESSAGE][PASSED] - Send request successfully

2018-11-19 14:27:23 - [TEST_STEP][PASSED] - verifyResponseStatusCode: Verify response status code successfully

2018-11-19 14:27:23 - [MESSAGE][PASSED] - Verify response status code successfully

2018-11-19 14:27:23 - [TEST_STEP][PASSED] - verifyElementPropertyValue: Verify element property value successfully

2018-11-19 14:27:23 - [MESSAGE][PASSED] - Verify element property value successfully]]></system-out>
         <system-err><![CDATA[]]></system-err>
      </testcase>
      <system-out><![CDATA[2018-11-19 14:27:19 - [TEST_SUITE][PASSED] - UserValidation: Test Cases/User/Validate user Details]]></system-out>
      <system-err><![CDATA[]]></system-err>
   </testsuite>
</testsuites>
